<?xml version="1.0" encoding="UTF-8"?>
<!-- Generated by org.testng.reporters.JUnitXMLReporter -->
<testsuite ignored="0" hostname="DESKTOP-Q02PP6U" failures="0" tests="6" name="Test1" time="17.071" errors="0" timestamp="2025-06-18T12:38:24 IST">
  <testcase classname="argumentPassing.FaceBookArguments" name="getURL" time="0.027"/>
  <testcase classname="argumentPassing.FaceBookArguments" name="getURL" time="0.016"/>
  <testcase classname="argumentPassing.FaceBookArguments" name="getTitle" time="0.035"/>
  <testcase classname="argumentPassing.FaceBookArguments" name="loginModule" time="0.255"/>
  <testcase classname="argumentPassing.FaceBookArguments" name="allLinks" time="1.231"/>
  <testcase classname="argumentPassing.FaceBookArguments" name="createNewAccount" time="4.416"/>
</testsuite> <!-- Test1 -->
