<?xml version="1.0" encoding="UTF-8"?>
<!-- Generated by org.testng.reporters.JUnitXMLReporter -->
<testsuite ignored="0" hostname="DESKTOP-Q02PP6U" failures="0" tests="6" name="Test3" time="22.03" errors="0" timestamp="2025-06-18T12:38:29 IST">
  <testcase classname="argumentPassing.FaceBookArguments" name="@BeforeClass launch" time="0.014">
    <failure type="java.lang.NullPointerException" message="Cannot invoke &amp;quot;org.openqa.selenium.WebDriver.manage()&amp;quot; because &amp;quot;this.driver&amp;quot; is null">
      <![CDATA[java.lang.NullPointerException: Cannot invoke "org.openqa.selenium.WebDriver.manage()" because "this.driver" is null
at argumentPassing.FaceBookArguments.launch(FaceBookArguments.java:33)
at java.base/java.util.ArrayList.forEach(ArrayList.java:1511)
at java.base/java.util.concurrent.FutureTask.run(FutureTask.java:264)
at java.base/java.util.concurrent.ThreadPoolExecutor.runWorker(ThreadPoolExecutor.java:1136)
at java.base/java.util.concurrent.ThreadPoolExecutor$Worker.run(ThreadPoolExecutor.java:635)
at java.base/java.lang.Thread.run(Thread.java:840)
... Removed 16 stack frames]]>
    </failure>
  </testcase> <!-- @BeforeClass launch -->
  <testcase classname="argumentPassing.FaceBookArguments" name="@AfterClass close" time="0.0">
    <failure type="java.lang.NullPointerException" message="Cannot invoke &amp;quot;org.openqa.selenium.WebDriver.close()&amp;quot; because &amp;quot;this.driver&amp;quot; is null">
      <![CDATA[java.lang.NullPointerException: Cannot invoke "org.openqa.selenium.WebDriver.close()" because "this.driver" is null
at argumentPassing.FaceBookArguments.close(FaceBookArguments.java:82)
at java.base/java.util.ArrayList.forEach(ArrayList.java:1511)
at java.base/java.util.concurrent.FutureTask.run(FutureTask.java:264)
at java.base/java.util.concurrent.ThreadPoolExecutor.runWorker(ThreadPoolExecutor.java:1136)
at java.base/java.util.concurrent.ThreadPoolExecutor$Worker.run(ThreadPoolExecutor.java:635)
at java.base/java.lang.Thread.run(Thread.java:840)
... Removed 16 stack frames]]>
    </failure>
  </testcase> <!-- @AfterClass close -->
  <testcase classname="argumentPassing.FaceBookArguments" name="getURL" time="0.008"/>
  <testcase classname="argumentPassing.FaceBookArguments" name="getURL" time="0.009"/>
  <testcase classname="argumentPassing.FaceBookArguments" name="getTitle" time="0.01"/>
  <testcase classname="argumentPassing.FaceBookArguments" name="loginModule" time="0.176"/>
  <testcase classname="argumentPassing.FaceBookArguments" name="allLinks" time="0.946"/>
  <testcase classname="argumentPassing.FaceBookArguments" name="createNewAccount" time="1.962"/>
</testsuite> <!-- Test3 -->
