<?xml version="1.0" encoding="UTF-8"?>
<!-- Generated by org.testng.reporters.JUnitXMLReporter -->
<testsuite ignored="0" hostname="DESKTOP-Q02PP6U" failures="0" tests="6" name="Test5" time="19.267" errors="0" timestamp="2025-06-18T12:38:26 IST">
  <testcase classname="argumentPassing.FaceBookArguments" name="getURL" time="0.009"/>
  <testcase classname="argumentPassing.FaceBookArguments" name="getURL" time="0.017"/>
  <testcase classname="argumentPassing.FaceBookArguments" name="getTitle" time="0.026"/>
  <testcase classname="argumentPassing.FaceBookArguments" name="loginModule" time="0.22"/>
  <testcase classname="argumentPassing.FaceBookArguments" name="allLinks" time="1.074"/>
  <testcase classname="argumentPassing.FaceBookArguments" name="createNewAccount" time="6.495"/>
</testsuite> <!-- Test5 -->
