<?xml version="1.0" encoding="UTF-8"?>
<!-- Generated by org.testng.reporters.JUnitXMLReporter -->
<testsuite ignored="2" hostname="DESKTOP-Q02PP6U" failures="0" tests="0" name="Test" time="0.009" errors="0" timestamp="2025-06-19T11:39:20 IST">
  <testcase classname="groupingDemo.Groups" name="allLinks" time="0.0">
    <ignored/>
  </testcase> <!-- allLinks -->
  <testcase classname="groupingDemo.Groups" name="loginModule" time="0.0">
    <ignored/>
  </testcase> <!-- loginModule -->
</testsuite> <!-- Test -->
