<?xml version="1.0" encoding="UTF-8"?>
<!-- Generated by org.testng.reporters.JUnitXMLReporter -->
<testsuite ignored="0" hostname="DESKTOP-Q02PP6U" failures="0" tests="6" name="Test2" time="25.153" errors="0" timestamp="2025-06-18T12:38:32 IST">
  <testcase classname="argumentPassing.FaceBookArguments" name="getURL" time="0.014"/>
  <testcase classname="argumentPassing.FaceBookArguments" name="getURL" time="0.032"/>
  <testcase classname="argumentPassing.FaceBookArguments" name="getTitle" time="0.032"/>
  <testcase classname="argumentPassing.FaceBookArguments" name="loginModule" time="0.424"/>
  <testcase classname="argumentPassing.FaceBookArguments" name="allLinks" time="0.091"/>
  <testcase classname="argumentPassing.FaceBookArguments" name="createNewAccount" time="5.784"/>
</testsuite> <!-- Test2 -->
