<?xml version="1.0" encoding="UTF-8"?>
<testng-results ignored="0" total="17" passed="17" failed="0" skipped="0">
  <reporter-output>
  </reporter-output>
  <suite started-at="2026-02-05T11:15:33 IST" name="Default suite" finished-at="2026-02-05T11:16:23 IST" duration-ms="50491">
    <groups>
    </groups>
    <test started-at="2026-02-05T11:15:33 IST" name="Default test" finished-at="2026-02-05T11:16:23 IST" duration-ms="50491">
      <class name="exceldataProvider.FaceBookLoginModule">
        <test-method is-config="true" signature="launch()[pri:0, instance:exceldataProvider.FaceBookLoginModule@4c60d6e9]" started-at="2026-02-05T11:15:33 IST" name="launch" finished-at="2026-02-05T11:15:38 IST" duration-ms="5151" status="PASS">
          <reporter-output>
          </reporter-output>
        </test-method> <!-- launch -->
        <test-method signature="verifyUrl()[pri:-1, instance:exceldataProvider.FaceBookLoginModule@4c60d6e9]" started-at="2026-02-05T11:15:38 IST" name="verifyUrl" finished-at="2026-02-05T11:15:38 IST" duration-ms="14" status="PASS">
          <reporter-output>
          </reporter-output>
        </test-method> <!-- verifyUrl -->
        <test-method signature="allLinks()[pri:0, instance:exceldataProvider.FaceBookLoginModule@4c60d6e9]" started-at="2026-02-05T11:15:38 IST" name="allLinks" finished-at="2026-02-05T11:15:38 IST" duration-ms="23" status="PASS">
          <reporter-output>
          </reporter-output>
        </test-method> <!-- allLinks -->
        <test-method signature="verifyTitle()[pri:0, instance:exceldataProvider.FaceBookLoginModule@4c60d6e9]" started-at="2026-02-05T11:15:38 IST" name="verifyTitle" finished-at="2026-02-05T11:15:38 IST" duration-ms="10" status="PASS">
          <reporter-output>
          </reporter-output>
        </test-method> <!-- verifyTitle -->
        <test-method signature="login(java.lang.String,java.lang.String)[pri:1, instance:exceldataProvider.FaceBookLoginModule@4c60d6e9]" started-at="2026-02-05T11:15:38 IST" name="login" data-provider="LoginCredentials" finished-at="2026-02-05T11:15:41 IST" duration-ms="3240" status="PASS">
          <params>
            <param index="0">
              <value>
                <![CDATA[Email]]>
              </value>
            </param>
            <param index="1">
              <value>
                <![CDATA[Password]]>
              </value>
            </param>
          </params>
          <reporter-output>
          </reporter-output>
        </test-method> <!-- login -->
        <test-method signature="login(java.lang.String,java.lang.String)[pri:1, instance:exceldataProvider.FaceBookLoginModule@4c60d6e9]" started-at="2026-02-05T11:15:41 IST" name="login" data-provider="LoginCredentials" finished-at="2026-02-05T11:15:44 IST" duration-ms="3229" status="PASS">
          <params>
            <param index="0">
              <value>
                <![CDATA[ice.sanju@123mail.com]]>
              </value>
            </param>
            <param index="1">
              <value>
                <![CDATA[1234567]]>
              </value>
            </param>
          </params>
          <reporter-output>
          </reporter-output>
        </test-method> <!-- login -->
        <test-method signature="login(java.lang.String,java.lang.String)[pri:1, instance:exceldataProvider.FaceBookLoginModule@4c60d6e9]" started-at="2026-02-05T11:15:44 IST" name="login" data-provider="LoginCredentials" finished-at="2026-02-05T11:15:48 IST" duration-ms="3212" status="PASS">
          <params>
            <param index="0">
              <value>
                <![CDATA[ice.sanju@124mail.com]]>
              </value>
            </param>
            <param index="1">
              <value>
                <![CDATA[1234568]]>
              </value>
            </param>
          </params>
          <reporter-output>
          </reporter-output>
        </test-method> <!-- login -->
        <test-method signature="login(java.lang.String,java.lang.String)[pri:1, instance:exceldataProvider.FaceBookLoginModule@4c60d6e9]" started-at="2026-02-05T11:15:48 IST" name="login" data-provider="LoginCredentials" finished-at="2026-02-05T11:15:51 IST" duration-ms="3223" status="PASS">
          <params>
            <param index="0">
              <value>
                <![CDATA[ice.sanju@125mail.com]]>
              </value>
            </param>
            <param index="1">
              <value>
                <![CDATA[1234569]]>
              </value>
            </param>
          </params>
          <reporter-output>
          </reporter-output>
        </test-method> <!-- login -->
        <test-method signature="login(java.lang.String,java.lang.String)[pri:1, instance:exceldataProvider.FaceBookLoginModule@4c60d6e9]" started-at="2026-02-05T11:15:51 IST" name="login" data-provider="LoginCredentials" finished-at="2026-02-05T11:15:54 IST" duration-ms="3245" status="PASS">
          <params>
            <param index="0">
              <value>
                <![CDATA[ice.sanju@126mail.com]]>
              </value>
            </param>
            <param index="1">
              <value>
                <![CDATA[1234570]]>
              </value>
            </param>
          </params>
          <reporter-output>
          </reporter-output>
        </test-method> <!-- login -->
        <test-method signature="login(java.lang.String,java.lang.String)[pri:1, instance:exceldataProvider.FaceBookLoginModule@4c60d6e9]" started-at="2026-02-05T11:15:54 IST" name="login" data-provider="LoginCredentials" finished-at="2026-02-05T11:15:57 IST" duration-ms="3201" status="PASS">
          <params>
            <param index="0">
              <value>
                <![CDATA[ice.sanju@127mail.com]]>
              </value>
            </param>
            <param index="1">
              <value>
                <![CDATA[1234571]]>
              </value>
            </param>
          </params>
          <reporter-output>
          </reporter-output>
        </test-method> <!-- login -->
        <test-method signature="login(java.lang.String,java.lang.String)[pri:1, instance:exceldataProvider.FaceBookLoginModule@4c60d6e9]" started-at="2026-02-05T11:15:57 IST" name="login" data-provider="LoginCredentials" finished-at="2026-02-05T11:16:01 IST" duration-ms="3253" status="PASS">
          <params>
            <param index="0">
              <value>
                <![CDATA[ice.sanju@128mail.com]]>
              </value>
            </param>
            <param index="1">
              <value>
                <![CDATA[1234572]]>
              </value>
            </param>
          </params>
          <reporter-output>
          </reporter-output>
        </test-method> <!-- login -->
        <test-method signature="login(java.lang.String,java.lang.String)[pri:1, instance:exceldataProvider.FaceBookLoginModule@4c60d6e9]" started-at="2026-02-05T11:16:01 IST" name="login" data-provider="LoginCredentials" finished-at="2026-02-05T11:16:04 IST" duration-ms="3222" status="PASS">
          <params>
            <param index="0">
              <value>
                <![CDATA[ice.sanju@129mail.com]]>
              </value>
            </param>
            <param index="1">
              <value>
                <![CDATA[1234573]]>
              </value>
            </param>
          </params>
          <reporter-output>
          </reporter-output>
        </test-method> <!-- login -->
        <test-method signature="login(java.lang.String,java.lang.String)[pri:1, instance:exceldataProvider.FaceBookLoginModule@4c60d6e9]" started-at="2026-02-05T11:16:04 IST" name="login" data-provider="LoginCredentials" finished-at="2026-02-05T11:16:07 IST" duration-ms="3292" status="PASS">
          <params>
            <param index="0">
              <value>
                <![CDATA[ice.sanju@130mail.com]]>
              </value>
            </param>
            <param index="1">
              <value>
                <![CDATA[1234574]]>
              </value>
            </param>
          </params>
          <reporter-output>
          </reporter-output>
        </test-method> <!-- login -->
        <test-method signature="login(java.lang.String,java.lang.String)[pri:1, instance:exceldataProvider.FaceBookLoginModule@4c60d6e9]" started-at="2026-02-05T11:16:07 IST" name="login" data-provider="LoginCredentials" finished-at="2026-02-05T11:16:10 IST" duration-ms="3247" status="PASS">
          <params>
            <param index="0">
              <value>
                <![CDATA[ice.sanju@131mail.com]]>
              </value>
            </param>
            <param index="1">
              <value>
                <![CDATA[1234575]]>
              </value>
            </param>
          </params>
          <reporter-output>
          </reporter-output>
        </test-method> <!-- login -->
        <test-method signature="login(java.lang.String,java.lang.String)[pri:1, instance:exceldataProvider.FaceBookLoginModule@4c60d6e9]" started-at="2026-02-05T11:16:10 IST" name="login" data-provider="LoginCredentials" finished-at="2026-02-05T11:16:14 IST" duration-ms="3218" status="PASS">
          <params>
            <param index="0">
              <value>
                <![CDATA[ice.sanju@132mail.com]]>
              </value>
            </param>
            <param index="1">
              <value>
                <![CDATA[1234576]]>
              </value>
            </param>
          </params>
          <reporter-output>
          </reporter-output>
        </test-method> <!-- login -->
        <test-method signature="login(java.lang.String,java.lang.String)[pri:1, instance:exceldataProvider.FaceBookLoginModule@4c60d6e9]" started-at="2026-02-05T11:16:14 IST" name="login" data-provider="LoginCredentials" finished-at="2026-02-05T11:16:17 IST" duration-ms="3194" status="PASS">
          <params>
            <param index="0">
              <value>
                <![CDATA[ice.sanju@133mail.com]]>
              </value>
            </param>
            <param index="1">
              <value>
                <![CDATA[1234577]]>
              </value>
            </param>
          </params>
          <reporter-output>
          </reporter-output>
        </test-method> <!-- login -->
        <test-method signature="login(java.lang.String,java.lang.String)[pri:1, instance:exceldataProvider.FaceBookLoginModule@4c60d6e9]" started-at="2026-02-05T11:16:17 IST" name="login" data-provider="LoginCredentials" finished-at="2026-02-05T11:16:20 IST" duration-ms="3207" status="PASS">
          <params>
            <param index="0">
              <value>
                <![CDATA[ice.sanju@134mail.com]]>
              </value>
            </param>
            <param index="1">
              <value>
                <![CDATA[1234578]]>
              </value>
            </param>
          </params>
          <reporter-output>
          </reporter-output>
        </test-method> <!-- login -->
        <test-method signature="login(java.lang.String,java.lang.String)[pri:1, instance:exceldataProvider.FaceBookLoginModule@4c60d6e9]" started-at="2026-02-05T11:16:20 IST" name="login" data-provider="LoginCredentials" finished-at="2026-02-05T11:16:23 IST" duration-ms="3194" status="PASS">
          <params>
            <param index="0">
              <value>
                <![CDATA[ice.sanju@135mail.com]]>
              </value>
            </param>
            <param index="1">
              <value>
                <![CDATA[1234579]]>
              </value>
            </param>
          </params>
          <reporter-output>
          </reporter-output>
        </test-method> <!-- login -->
      </class> <!-- exceldataProvider.FaceBookLoginModule -->
    </test> <!-- Default test -->
  </suite> <!-- Default suite -->
</testng-results>
