<?xml version="1.0" encoding="UTF-8"?>
<!-- Generated by org.testng.reporters.JUnitXMLReporter -->
<testsuite ignored="0" hostname="DESKTOP-Q02PP6U" failures="0" tests="5" name="Test1" time="0.075" errors="0" timestamp="2025-06-18T12:02:14 IST">
  <testcase classname="parallelExecution.MethodsLevel" name="m2" time="0.017"/>
  <testcase classname="parallelExecution.MethodsLevel" name="m3" time="0.017"/>
  <testcase classname="parallelExecution.MethodsLevel" name="m4" time="0.017"/>
  <testcase classname="parallelExecution.MethodsLevel" name="m1" time="0.018"/>
  <testcase classname="parallelExecution.MethodsLevel" name="m5" time="0.017"/>
</testsuite> <!-- Test1 -->
