<?xml version="1.0" encoding="UTF-8"?>
<!-- Generated by org.testng.reporters.JUnitXMLReporter -->
<testsuite ignored="0" hostname="DESKTOP-Q02PP6U" failures="1" tests="19" name="Test_1" time="45.947" errors="0" timestamp="2025-06-17T11:56:03 IST">
  <testcase classname="manyClasses.MakeMyTrip" name="getURL" time="0.658"/>
  <testcase classname="manyClasses.MakeMyTrip" name="getURL" time="0.258"/>
  <testcase classname="manyClasses.MakeMyTrip" name="getURL" time="0.074"/>
  <testcase classname="manyClasses.MakeMyTrip" name="getURL" time="0.015"/>
  <testcase classname="manyClasses.MakeMyTrip" name="getURL" time="0.01"/>
  <testcase classname="manyClasses.MakeMyTrip" name="closeButton" time="20.071">
    <failure type="org.openqa.selenium.NoSuchElementException" message="no such element: Unable to locate element: {&amp;quot;method&amp;quot;:&amp;quot;xpath&amp;quot;,&amp;quot;selector&amp;quot;:&amp;quot;//spane[@data-cy=&amp;apos;closeModal&amp;apos;]&amp;quot;}
  (Session info: chrome=137.0.7151.104)
For documentation on this error, please visit: https://www.selenium.dev/documentation/webdriver/troubleshooting/errors#no-such-element-exception
Build info: version: &amp;apos;4.28.1&amp;apos;, revision: &amp;apos;73f5ad48a2&amp;apos;
System info: os.name: &amp;apos;Windows 10&amp;apos;, os.arch: &amp;apos;amd64&amp;apos;, os.version: &amp;apos;10.0&amp;apos;, java.version: &amp;apos;17.0.11&amp;apos;
Driver info: org.openqa.selenium.chrome.ChromeDriver
Command: [a823498da9b06a943ef25643de3ae762, findElement {value=//spane[@data-cy=&amp;apos;closeModal&amp;apos;], using=xpath}]
Capabilities {acceptInsecureCerts: false, browserName: chrome, browserVersion: 137.0.7151.104, chrome: {chromedriverVersion: 137.0.7151.70 (dfa4dc56b2ab..., userDataDir: C:\Users\INFOMA~1\AppData\L...}, fedcm:accounts: true, goog:chromeOptions: {debuggerAddress: localhost:51574}, networkConnectionEnabled: false, pageLoadStrategy: normal, platformName: windows, proxy: Proxy(), se:cdp: ws://localhost:51574/devtoo..., se:cdpVersion: 137.0.7151.104, setWindowRect: true, strictFileInteractability: false, timeouts: {implicit: 0, pageLoad: 300000, script: 30000}, unhandledPromptBehavior: dismiss and notify, webauthn:extension:credBlob: true, webauthn:extension:largeBlob: true, webauthn:extension:minPinLength: true, webauthn:extension:prf: true, webauthn:virtualAuthenticators: true}
Session ID: a823498da9b06a943ef25643de3ae762">
      <![CDATA[org.openqa.selenium.NoSuchElementException: no such element: Unable to locate element: {"method":"xpath","selector":"//spane[@data-cy='closeModal']"}
  (Session info: chrome=137.0.7151.104)
For documentation on this error, please visit: https://www.selenium.dev/documentation/webdriver/troubleshooting/errors#no-such-element-exception
Build info: version: '4.28.1', revision: '73f5ad48a2'
System info: os.name: 'Windows 10', os.arch: 'amd64', os.version: '10.0', java.version: '17.0.11'
Driver info: org.openqa.selenium.chrome.ChromeDriver
Command: [a823498da9b06a943ef25643de3ae762, findElement {value=//spane[@data-cy='closeModal'], using=xpath}]
Capabilities {acceptInsecureCerts: false, browserName: chrome, browserVersion: 137.0.7151.104, chrome: {chromedriverVersion: 137.0.7151.70 (dfa4dc56b2ab..., userDataDir: C:\Users\INFOMA~1\AppData\L...}, fedcm:accounts: true, goog:chromeOptions: {debuggerAddress: localhost:51574}, networkConnectionEnabled: false, pageLoadStrategy: normal, platformName: windows, proxy: Proxy(), se:cdp: ws://localhost:51574/devtoo..., se:cdpVersion: 137.0.7151.104, setWindowRect: true, strictFileInteractability: false, timeouts: {implicit: 0, pageLoad: 300000, script: 30000}, unhandledPromptBehavior: dismiss and notify, webauthn:extension:credBlob: true, webauthn:extension:largeBlob: true, webauthn:extension:minPinLength: true, webauthn:extension:prf: true, webauthn:virtualAuthenticators: true}
Session ID: a823498da9b06a943ef25643de3ae762
at org.openqa.selenium.remote.ErrorCodec.decode(ErrorCodec.java:167)
at org.openqa.selenium.remote.codec.w3c.W3CHttpResponseCodec.decode(W3CHttpResponseCodec.java:138)
at org.openqa.selenium.remote.codec.w3c.W3CHttpResponseCodec.decode(W3CHttpResponseCodec.java:50)
at org.openqa.selenium.remote.HttpCommandExecutor.execute(HttpCommandExecutor.java:215)
at org.openqa.selenium.remote.service.DriverCommandExecutor.invokeExecute(DriverCommandExecutor.java:216)
at org.openqa.selenium.remote.service.DriverCommandExecutor.execute(DriverCommandExecutor.java:174)
at org.openqa.selenium.remote.RemoteWebDriver.execute(RemoteWebDriver.java:545)
at org.openqa.selenium.remote.ElementLocation$ElementFinder$2.findElement(ElementLocation.java:165)
at org.openqa.selenium.remote.ElementLocation.findElement(ElementLocation.java:59)
at org.openqa.selenium.remote.RemoteWebDriver.findElement(RemoteWebDriver.java:368)
at org.openqa.selenium.remote.RemoteWebDriver.findElement(RemoteWebDriver.java:362)
at manyClasses.MakeMyTrip.closeButton(MakeMyTrip.java:42)
at java.base/java.util.ArrayList.forEach(ArrayList.java:1511)
... Removed 32 stack frames]]>
    </failure>
  </testcase> <!-- closeButton -->
  <testcase classname="manyClasses.MakeMyTrip" name="allLinks" time="6.433"/>
  <testcase classname="manyClasses.MakeMyTrip" name="getTitle" time="0.006"/>
  <testcase classname="manyClasses.Instagram" name="getURL" time="0.129"/>
  <testcase classname="manyClasses.Instagram" name="getURL" time="0.025"/>
  <testcase classname="manyClasses.Instagram" name="getURL" time="0.023"/>
  <testcase classname="manyClasses.Instagram" name="getURL" time="0.012"/>
  <testcase classname="manyClasses.Instagram" name="getURL" time="0.008"/>
  <testcase classname="manyClasses.Instagram" name="allLinks" time="0.388"/>
  <testcase classname="manyClasses.Instagram" name="getTitle" time="0.006"/>
  <testcase classname="testNGBasics.SampleRediff" name="getTitle" time="0.009"/>
  <testcase classname="testNGBasics.SampleRediff" name="getCurrentURL" time="0.01"/>
  <testcase classname="testNGBasics.SampleRediff" name="dropDownHandling" time="1.647"/>
  <testcase classname="testNGBasics.SampleRediff" name="autoSuggestion" time="4.534"/>
</testsuite> <!-- Test_1 -->
