<?xml version="1.0" encoding="UTF-8"?>
<!-- Generated by org.testng.reporters.JUnitXMLReporter -->
<testsuite ignored="3" hostname="DESKTOP-Q02PP6U" failures="0" tests="1" name="Test_1(failed)" time="5.881" errors="0" timestamp="2025-06-17T11:58:33 IST">
  <testcase classname="manyClasses.MakeMyTrip" name="closeButton" time="0.831"/>
  <testcase classname="manyClasses.MakeMyTrip" name="getURL" time="0.0">
    <ignored/>
  </testcase> <!-- getURL -->
  <testcase classname="manyClasses.MakeMyTrip" name="getTitle" time="0.0">
    <ignored/>
  </testcase> <!-- getTitle -->
  <testcase classname="manyClasses.MakeMyTrip" name="allLinks" time="0.0">
    <ignored/>
  </testcase> <!-- allLinks -->
</testsuite> <!-- Test_1(failed) -->
