<?xml version="1.0" encoding="UTF-8"?>
<testng-results ignored="0" total="4" passed="4" failed="0" skipped="0">
  <reporter-output>
  </reporter-output>
  <suite started-at="2025-07-12T10:55:24 IST" name="Default suite" finished-at="2025-07-12T10:55:36 IST" duration-ms="12477">
    <groups>
    </groups>
    <test started-at="2025-07-12T10:55:24 IST" name="Default test" finished-at="2025-07-12T10:55:36 IST" duration-ms="12477">
      <class name="argumentPassing.CrossBrowsing">
        <test-method is-config="true" signature="launch(java.lang.String)[pri:0, instance:argumentPassing.CrossBrowsing@4b8ee4de]" started-at="2025-07-12T10:55:24 IST" name="launch" finished-at="2025-07-12T10:55:27 IST" duration-ms="3256" status="PASS">
          <params>
            <param index="0">
              <value>
                <![CDATA[Chrome]]>
              </value>
            </param>
          </params>
          <reporter-output>
          </reporter-output>
        </test-method> <!-- launch -->
        <test-method signature="getTitle()[pri:-2, instance:argumentPassing.CrossBrowsing@4b8ee4de]" started-at="2025-07-12T10:55:27 IST" name="getTitle" finished-at="2025-07-12T10:55:29 IST" duration-ms="1766" status="PASS">
          <reporter-output>
          </reporter-output>
        </test-method> <!-- getTitle -->
        <test-method signature="getCurrentURL()[pri:-1, instance:argumentPassing.CrossBrowsing@4b8ee4de]" started-at="2025-07-12T10:55:29 IST" name="getCurrentURL" finished-at="2025-07-12T10:55:29 IST" duration-ms="7" status="PASS">
          <reporter-output>
          </reporter-output>
        </test-method> <!-- getCurrentURL -->
        <test-method signature="dropDownHandling()[pri:0, instance:argumentPassing.CrossBrowsing@4b8ee4de]" started-at="2025-07-12T10:55:29 IST" name="dropDownHandling" finished-at="2025-07-12T10:55:31 IST" duration-ms="2037" status="PASS">
          <reporter-output>
          </reporter-output>
        </test-method> <!-- dropDownHandling -->
        <test-method signature="autoSuggestion()[pri:0, instance:argumentPassing.CrossBrowsing@4b8ee4de]" started-at="2025-07-12T10:55:31 IST" name="autoSuggestion" finished-at="2025-07-12T10:55:36 IST" depends-on-methods="argumentPassing.CrossBrowsing.dropDownHandling" duration-ms="5191" status="PASS">
          <reporter-output>
          </reporter-output>
        </test-method> <!-- autoSuggestion -->
        <test-method is-config="true" signature="close()[pri:0, instance:argumentPassing.CrossBrowsing@4b8ee4de]" started-at="2025-07-12T10:55:36 IST" name="close" finished-at="2025-07-12T10:55:36 IST" duration-ms="156" status="PASS">
          <reporter-output>
          </reporter-output>
        </test-method> <!-- close -->
      </class> <!-- argumentPassing.CrossBrowsing -->
    </test> <!-- Default test -->
  </suite> <!-- Default suite -->
</testng-results>
