<?xml version="1.0" encoding="UTF-8"?>
<!-- Generated by org.testng.reporters.JUnitXMLReporter -->
<testsuite ignored="0" hostname="DESKTOP-Q02PP6U" failures="0" tests="4" name="Default test" time="12.477" errors="0" timestamp="2025-07-12T10:55:36 IST">
  <testcase classname="argumentPassing.CrossBrowsing" name="getTitle" time="1.766"/>
  <testcase classname="argumentPassing.CrossBrowsing" name="getCurrentURL" time="0.007"/>
  <testcase classname="argumentPassing.CrossBrowsing" name="dropDownHandling" time="2.037"/>
  <testcase classname="argumentPassing.CrossBrowsing" name="autoSuggestion" time="5.191"/>
</testsuite> <!-- Default test -->
