<?xml version="1.0" encoding="UTF-8"?>
<testng-results ignored="0" total="1" passed="1" failed="0" skipped="0">
  <reporter-output>
  </reporter-output>
  <suite started-at="2025-10-30T10:02:26 IST" name="Default suite" finished-at="2025-10-30T10:02:27 IST" duration-ms="1242">
    <groups>
    </groups>
    <test started-at="2025-10-30T10:02:26 IST" name="Default test" finished-at="2025-10-30T10:02:27 IST" duration-ms="1242">
      <class name="com.DataDriven.basics.Demo">
        <test-method signature="m1()[pri:0, instance:com.DataDriven.basics.Demo@1a6d8329]" started-at="2025-10-30T10:02:26 IST" name="m1" finished-at="2025-10-30T10:02:27 IST" duration-ms="1180" status="PASS">
          <reporter-output>
          </reporter-output>
        </test-method> <!-- m1 -->
      </class> <!-- com.DataDriven.basics.Demo -->
    </test> <!-- Default test -->
  </suite> <!-- Default suite -->
</testng-results>
