<?xml version="1.0" encoding="UTF-8"?>
<!-- Generated by org.testng.reporters.JUnitReportReporter -->
<testsuite hostname="DESKTOP-Q02PP6U" failures="0" tests="18" name="com.DataDriven.basics.FaceBook" time="2.615" errors="0" timestamp="2025-09-23T12:42:45 IST" skipped="1">
  <testcase classname="com.DataDriven.basics.FaceBook" name="verifyLoginWithEntireValue" time="0.149"/>
  <testcase classname="com.DataDriven.basics.FaceBook" name="verifyLoginWithEntireValue" time="0.142"/>
  <testcase classname="com.DataDriven.basics.FaceBook" name="verifyLoginWithEntireValue" time="0.119"/>
  <testcase classname="com.DataDriven.basics.FaceBook" name="verifyLoginWithEntireValue" time="0.147"/>
  <testcase classname="com.DataDriven.basics.FaceBook" name="verifyLoginWithEntireValue" time="0.206"/>
  <testcase classname="com.DataDriven.basics.FaceBook" name="verifyLoginWithEntireValue" time="0.173"/>
  <testcase classname="com.DataDriven.basics.FaceBook" name="verifyLoginWithEntireValue" time="0.150"/>
  <testcase classname="com.DataDriven.basics.FaceBook" name="verifyLoginWithEntireValue" time="0.139"/>
  <testcase classname="com.DataDriven.basics.FaceBook" name="verifyLoginWithEntireValue" time="0.154"/>
  <testcase classname="com.DataDriven.basics.FaceBook" name="verifyLoginWithEntireValue" time="0.124"/>
  <testcase classname="com.DataDriven.basics.FaceBook" name="verifyLoginWithEntireValue" time="0.147"/>
  <testcase classname="com.DataDriven.basics.FaceBook" name="verifyLoginWithEntireValue" time="0.147"/>
  <testcase classname="com.DataDriven.basics.FaceBook" name="verifyLoginWithEntireValue" time="0.124"/>
  <testcase classname="com.DataDriven.basics.FaceBook" name="verifyLoginWithEntireValue" time="0.197"/>
  <testcase classname="com.DataDriven.basics.FaceBook" name="verifyLoginWithEntireValue" time="0.151"/>
  <testcase classname="com.DataDriven.basics.FaceBook" name="verifyLoginWithEntireValue" time="0.156"/>
  <testcase classname="com.DataDriven.basics.FaceBook" name="verifyLoginWithEntireValue" time="0.190"/>
  <testcase classname="com.DataDriven.basics.FaceBook" name="verifyLoginWithSingleValue">
    <skipped/>
  </testcase> <!-- verifyLoginWithSingleValue -->
</testsuite> <!-- com.DataDriven.basics.FaceBook -->
