<?xml version="1.0" encoding="UTF-8"?>
<!-- Generated by org.testng.reporters.JUnitReportReporter -->
<testsuite hostname="DESKTOP-Q02PP6U" failures="0" tests="18" name="com.DataDriven.basics.FaceBookLogin" time="55.162" errors="0" timestamp="2025-09-23T13:48:49 IST" skipped="1">
  <testcase classname="com.DataDriven.basics.FaceBookLogin" name="loginwithEntireValue" time="3.239"/>
  <testcase classname="com.DataDriven.basics.FaceBookLogin" name="loginwithEntireValue" time="3.231"/>
  <testcase classname="com.DataDriven.basics.FaceBookLogin" name="loginwithEntireValue" time="3.245"/>
  <testcase classname="com.DataDriven.basics.FaceBookLogin" name="loginwithEntireValue" time="3.232"/>
  <testcase classname="com.DataDriven.basics.FaceBookLogin" name="loginwithEntireValue" time="3.223"/>
  <testcase classname="com.DataDriven.basics.FaceBookLogin" name="loginwithEntireValue" time="3.253"/>
  <testcase classname="com.DataDriven.basics.FaceBookLogin" name="loginwithEntireValue" time="3.234"/>
  <testcase classname="com.DataDriven.basics.FaceBookLogin" name="loginwithEntireValue" time="3.331"/>
  <testcase classname="com.DataDriven.basics.FaceBookLogin" name="loginwithEntireValue" time="3.250"/>
  <testcase classname="com.DataDriven.basics.FaceBookLogin" name="loginwithEntireValue" time="3.247"/>
  <testcase classname="com.DataDriven.basics.FaceBookLogin" name="loginwithEntireValue" time="3.271"/>
  <testcase classname="com.DataDriven.basics.FaceBookLogin" name="loginwithEntireValue" time="3.239"/>
  <testcase classname="com.DataDriven.basics.FaceBookLogin" name="loginwithEntireValue" time="3.219"/>
  <testcase classname="com.DataDriven.basics.FaceBookLogin" name="loginwithEntireValue" time="3.231"/>
  <testcase classname="com.DataDriven.basics.FaceBookLogin" name="loginwithEntireValue" time="3.241"/>
  <testcase classname="com.DataDriven.basics.FaceBookLogin" name="loginwithEntireValue" time="3.229"/>
  <testcase classname="com.DataDriven.basics.FaceBookLogin" name="loginwithEntireValue" time="3.247"/>
  <testcase classname="com.DataDriven.basics.FaceBookLogin" name="loginwithSingleValue">
    <skipped/>
  </testcase> <!-- loginwithSingleValue -->
</testsuite> <!-- com.DataDriven.basics.FaceBookLogin -->
