<?xml version="1.0" encoding="UTF-8"?>
<!-- Generated by org.testng.reporters.JUnitReportReporter -->
<testsuite hostname="DESKTOP-Q02PP6U" failures="0" tests="21" name="com.DataDriven.basics.Facebook" time="44.358" errors="0" timestamp="2025-09-22T12:35:36 IST" skipped="1">
  <testcase classname="com.DataDriven.basics.Facebook" name="verifyLoginWithEntireData" time="2.210"/>
  <testcase classname="com.DataDriven.basics.Facebook" name="verifyLoginWithEntireData" time="2.225"/>
  <testcase classname="com.DataDriven.basics.Facebook" name="verifyLoginWithEntireData" time="2.214"/>
  <testcase classname="com.DataDriven.basics.Facebook" name="verifyLoginWithEntireData" time="2.202"/>
  <testcase classname="com.DataDriven.basics.Facebook" name="verifyLoginWithEntireData" time="2.228"/>
  <testcase classname="com.DataDriven.basics.Facebook" name="verifyLoginWithEntireData" time="2.272"/>
  <testcase classname="com.DataDriven.basics.Facebook" name="verifyLoginWithEntireData" time="2.220"/>
  <testcase classname="com.DataDriven.basics.Facebook" name="verifyLoginWithEntireData" time="2.212"/>
  <testcase classname="com.DataDriven.basics.Facebook" name="verifyLoginWithEntireData" time="2.216"/>
  <testcase classname="com.DataDriven.basics.Facebook" name="verifyLoginWithEntireData" time="2.266"/>
  <testcase classname="com.DataDriven.basics.Facebook" name="verifyLoginWithEntireData" time="2.221"/>
  <testcase classname="com.DataDriven.basics.Facebook" name="verifyLoginWithEntireData" time="2.222"/>
  <testcase classname="com.DataDriven.basics.Facebook" name="verifyLoginWithEntireData" time="2.211"/>
  <testcase classname="com.DataDriven.basics.Facebook" name="verifyLoginWithEntireData" time="2.207"/>
  <testcase classname="com.DataDriven.basics.Facebook" name="verifyLoginWithEntireData" time="2.221"/>
  <testcase classname="com.DataDriven.basics.Facebook" name="verifyLoginWithEntireData" time="2.198"/>
  <testcase classname="com.DataDriven.basics.Facebook" name="verifyLoginWithEntireData" time="2.198"/>
  <testcase classname="com.DataDriven.basics.Facebook" name="verifyLoginWithEntireData" time="2.212"/>
  <testcase classname="com.DataDriven.basics.Facebook" name="verifyLoginWithEntireData" time="2.210"/>
  <testcase classname="com.DataDriven.basics.Facebook" name="verifyLoginWithEntireData" time="2.193"/>
  <testcase classname="com.DataDriven.basics.Facebook" name="verifyLoginWithSingleData">
    <skipped/>
  </testcase> <!-- verifyLoginWithSingleData -->
</testsuite> <!-- com.DataDriven.basics.Facebook -->
