<?xml version="1.0" encoding="UTF-8"?>
<!-- Generated by org.testng.reporters.JUnitXMLReporter -->
<testsuite ignored="0" hostname="DESKTOP-Q02PP6U" failures="0" tests="17" name="Default test" time="50.491" errors="0" timestamp="2026-02-05T11:16:23 IST">
  <testcase classname="exceldataProvider.FaceBookLoginModule" name="verifyUrl" time="0.014"/>
  <testcase classname="exceldataProvider.FaceBookLoginModule" name="allLinks" time="0.023"/>
  <testcase classname="exceldataProvider.FaceBookLoginModule" name="verifyTitle" time="0.01"/>
  <testcase classname="exceldataProvider.FaceBookLoginModule" name="login" time="3.24"/>
  <testcase classname="exceldataProvider.FaceBookLoginModule" name="login" time="3.229"/>
  <testcase classname="exceldataProvider.FaceBookLoginModule" name="login" time="3.212"/>
  <testcase classname="exceldataProvider.FaceBookLoginModule" name="login" time="3.223"/>
  <testcase classname="exceldataProvider.FaceBookLoginModule" name="login" time="3.245"/>
  <testcase classname="exceldataProvider.FaceBookLoginModule" name="login" time="3.201"/>
  <testcase classname="exceldataProvider.FaceBookLoginModule" name="login" time="3.253"/>
  <testcase classname="exceldataProvider.FaceBookLoginModule" name="login" time="3.222"/>
  <testcase classname="exceldataProvider.FaceBookLoginModule" name="login" time="3.292"/>
  <testcase classname="exceldataProvider.FaceBookLoginModule" name="login" time="3.247"/>
  <testcase classname="exceldataProvider.FaceBookLoginModule" name="login" time="3.218"/>
  <testcase classname="exceldataProvider.FaceBookLoginModule" name="login" time="3.194"/>
  <testcase classname="exceldataProvider.FaceBookLoginModule" name="login" time="3.207"/>
  <testcase classname="exceldataProvider.FaceBookLoginModule" name="login" time="3.194"/>
</testsuite> <!-- Default test -->
