<?xml version="1.0" encoding="UTF-8"?>
<!-- Generated by org.testng.reporters.JUnitReportReporter -->
<testsuite hostname="DESKTOP-Q02PP6U" failures="0" tests="14" name="testNGBasics.SampleFB" time="2.297" errors="0" timestamp="2025-06-13T12:25:31 IST" skipped="0">
  <testcase classname="testNGBasics.SampleFB" name="getURL" time="0.007"/>
  <system-out/>
  <testcase classname="testNGBasics.SampleFB" name="getURL" time="0.008"/>
  <system-out/>
  <testcase classname="testNGBasics.SampleFB" name="getURL" time="0.006"/>
  <system-out/>
  <testcase classname="testNGBasics.SampleFB" name="getURL" time="0.009"/>
  <system-out/>
  <testcase classname="testNGBasics.SampleFB" name="getURL" time="0.014"/>
  <system-out/>
  <testcase classname="testNGBasics.SampleFB" name="getURL" time="0.009"/>
  <system-out/>
  <testcase classname="testNGBasics.SampleFB" name="getURL" time="0.005"/>
  <system-out/>
  <testcase classname="testNGBasics.SampleFB" name="getURL" time="0.006"/>
  <system-out/>
  <testcase classname="testNGBasics.SampleFB" name="getURL" time="0.010"/>
  <system-out/>
  <testcase classname="testNGBasics.SampleFB" name="getURL" time="0.010"/>
  <system-out/>
  <testcase classname="testNGBasics.SampleFB" name="allLinks" time="0.849"/>
  <system-out/>
  <testcase classname="testNGBasics.SampleFB" name="getTitle" time="0.009"/>
  <system-out/>
  <testcase classname="testNGBasics.SampleFB" name="createNewAccount" time="1.198"/>
  <system-out/>
  <testcase classname="testNGBasics.SampleFB" name="loginModule" time="0.157"/>
  <system-out/>
</testsuite> <!-- testNGBasics.SampleFB -->
