<?xml version="1.0" encoding="UTF-8"?>
<!-- Generated by org.testng.reporters.JUnitReportReporter -->
<testsuite hostname="DESKTOP-Q02PP6U" failures="0" tests="4" name="manyClasses.RediffMail" time="6.732" errors="0" timestamp="2025-06-16T12:45:18 IST" skipped="0">
  <testcase classname="manyClasses.RediffMail" name="getTitle" time="0.016"/>
  <system-out/>
  <testcase classname="manyClasses.RediffMail" name="getCurrentURL" time="0.009"/>
  <system-out/>
  <testcase classname="manyClasses.RediffMail" name="autoSuggestion" time="4.802"/>
  <system-out/>
  <testcase classname="manyClasses.RediffMail" name="dropDownHandling" time="1.905"/>
  <system-out/>
</testsuite> <!-- manyClasses.RediffMail -->
