<?xml version="1.0" encoding="UTF-8"?>
<!-- Generated by org.testng.reporters.JUnitReportReporter -->
<testsuite hostname="DESKTOP-Q02PP6U" failures="0" tests="4" name="argumentPassing.CrossBrowsing" time="9.001" errors="0" timestamp="2025-07-12T10:55:36 IST" skipped="0">
  <testcase classname="argumentPassing.CrossBrowsing" name="getTitle" time="1.766"/>
  <system-out/>
  <testcase classname="argumentPassing.CrossBrowsing" name="getCurrentURL" time="0.007"/>
  <system-out/>
  <testcase classname="argumentPassing.CrossBrowsing" name="autoSuggestion" time="5.191"/>
  <system-out/>
  <testcase classname="argumentPassing.CrossBrowsing" name="dropDownHandling" time="2.037"/>
  <system-out/>
</testsuite> <!-- argumentPassing.CrossBrowsing -->
