<?xml version="1.0" encoding="UTF-8"?>
<!-- Generated by org.testng.reporters.JUnitReportReporter -->
<testsuite hostname="DESKTOP-Q02PP6U" failures="0" tests="4" name="manyClasses.FaceBook" time="2.629" errors="0" timestamp="2025-07-12T10:53:15 IST" skipped="0">
  <testcase classname="manyClasses.FaceBook" name="getTitle" time="0.234"/>
  <system-out/>
  <testcase classname="manyClasses.FaceBook" name="allLinks" time="1.018"/>
  <system-out/>
  <testcase classname="manyClasses.FaceBook" name="createNewAccount" time="1.188"/>
  <system-out/>
  <testcase classname="manyClasses.FaceBook" name="loginModule" time="0.189"/>
  <system-out/>
</testsuite> <!-- manyClasses.FaceBook -->
