<?xml version="1.0" encoding="UTF-8"?>
<!-- Generated by org.testng.reporters.JUnitReportReporter -->
<testsuite hostname="DESKTOP-Q02PP6U" failures="0" tests="5" name="testNGBasics.Sample" time="0.020" errors="0" timestamp="2025-06-02T12:25:45 IST" skipped="0">
  <testcase classname="testNGBasics.Sample" name="m4" time="0.002"/>
  <system-out/>
  <testcase classname="testNGBasics.Sample" name="m1" time="0.010"/>
  <system-out/>
  <testcase classname="testNGBasics.Sample" name="m2" time="0.004"/>
  <system-out/>
  <testcase classname="testNGBasics.Sample" name="m3" time="0.003"/>
  <system-out/>
  <testcase classname="testNGBasics.Sample" name="m5" time="0.001"/>
  <system-out/>
</testsuite> <!-- testNGBasics.Sample -->
