<?xml version="1.0" encoding="UTF-8"?>
<!-- Generated by org.testng.reporters.JUnitReportReporter -->
<testsuite hostname="DESKTOP-Q02PP6U" failures="0" tests="5" name="parallelExecution.MethodsLevel" time="0.086" errors="0" timestamp="2025-06-18T12:02:14 IST" skipped="0">
  <testcase classname="parallelExecution.MethodsLevel" name="m2" time="0.017"/>
  <system-out/>
  <testcase classname="parallelExecution.MethodsLevel" name="m3" time="0.017"/>
  <system-out/>
  <testcase classname="parallelExecution.MethodsLevel" name="m4" time="0.017"/>
  <system-out/>
  <testcase classname="parallelExecution.MethodsLevel" name="m5" time="0.017"/>
  <system-out/>
  <testcase classname="parallelExecution.MethodsLevel" name="m1" time="0.018"/>
  <system-out/>
</testsuite> <!-- parallelExecution.MethodsLevel -->
