<?xml version="1.0" encoding="UTF-8"?>
<!-- Generated by org.testng.reporters.JUnitReportReporter -->
<testsuite hostname="DESKTOP-Q02PP6U" failures="0" tests="32" name="argumentPassing.FaceBookArguments" time="23.323" errors="2" timestamp="2025-06-18T12:38:32 IST" skipped="6">
  <testcase classname="argumentPassing.FaceBookArguments" name="getURL" time="0.009"/>
  <system-out/>
  <testcase classname="argumentPassing.FaceBookArguments" name="getURL" time="0.008"/>
  <system-out/>
  <testcase classname="argumentPassing.FaceBookArguments" name="getURL" time="0.000">
    <skipped/>
  </testcase> <!-- getURL -->
  <system-out/>
  <testcase classname="argumentPassing.FaceBookArguments" name="getURL" time="0.014"/>
  <system-out/>
  <testcase classname="argumentPassing.FaceBookArguments" name="getURL" time="0.027"/>
  <system-out/>
  <testcase classname="argumentPassing.FaceBookArguments" name="getURL" time="0.016"/>
  <system-out/>
  <testcase classname="argumentPassing.FaceBookArguments" name="getURL" time="0.000">
    <skipped/>
  </testcase> <!-- getURL -->
  <system-out/>
  <testcase classname="argumentPassing.FaceBookArguments" name="getURL" time="0.032"/>
  <system-out/>
  <testcase classname="argumentPassing.FaceBookArguments" name="getURL" time="0.017"/>
  <system-out/>
  <testcase classname="argumentPassing.FaceBookArguments" name="getURL" time="0.009"/>
  <system-out/>
  <testcase classname="argumentPassing.FaceBookArguments" name="allLinks" time="1.074"/>
  <system-out/>
  <testcase classname="argumentPassing.FaceBookArguments" name="getTitle" time="0.032"/>
  <system-out/>
  <testcase classname="argumentPassing.FaceBookArguments" name="getTitle" time="0.000">
    <skipped/>
  </testcase> <!-- getTitle -->
  <system-out/>
  <testcase classname="argumentPassing.FaceBookArguments" name="allLinks" time="0.091"/>
  <system-out/>
  <testcase classname="argumentPassing.FaceBookArguments" name="allLinks" time="1.231"/>
  <system-out/>
  <testcase classname="argumentPassing.FaceBookArguments" name="allLinks" time="0.946"/>
  <system-out/>
  <testcase classname="argumentPassing.FaceBookArguments" name="close" time="0.000">
    <error message="Cannot invoke &quot;org.openqa.selenium.WebDriver.close()&quot; because &quot;this.driver&quot; is null" type="java.lang.NullPointerException">
      <![CDATA[java.lang.NullPointerException: Cannot invoke "org.openqa.selenium.WebDriver.close()" because "this.driver" is null
at argumentPassing.FaceBookArguments.close(FaceBookArguments.java:82)
at java.base/jdk.internal.reflect.NativeMethodAccessorImpl.invoke0(Native Method)
at java.base/jdk.internal.reflect.NativeMethodAccessorImpl.invoke(NativeMethodAccessorImpl.java:77)
at java.base/jdk.internal.reflect.DelegatingMethodAccessorImpl.invoke(DelegatingMethodAccessorImpl.java:43)
at java.base/java.lang.reflect.Method.invoke(Method.java:568)
at org.testng.internal.MethodInvocationHelper.invokeMethod(MethodInvocationHelper.java:133)
at org.testng.internal.MethodInvocationHelper.invokeMethodConsideringTimeout(MethodInvocationHelper.java:62)
at org.testng.internal.ConfigInvoker.invokeConfigurationMethod(ConfigInvoker.java:385)
at org.testng.internal.ConfigInvoker.invokeConfigurations(ConfigInvoker.java:321)
at org.testng.internal.TestMethodWorker.invokeAfterClassMethods(TestMethodWorker.java:217)
at org.testng.internal.TestMethodWorker.run(TestMethodWorker.java:130)
at java.base/java.util.ArrayList.forEach(ArrayList.java:1511)
at org.testng.TestRunner.privateRun(TestRunner.java:794)
at org.testng.TestRunner.run(TestRunner.java:596)
at org.testng.SuiteRunner.runTest(SuiteRunner.java:377)
at org.testng.SuiteRunner.access$000(SuiteRunner.java:28)
at org.testng.SuiteRunner$SuiteWorker.run(SuiteRunner.java:418)
at org.testng.internal.thread.ThreadUtil.lambda$execute$0(ThreadUtil.java:64)
at java.base/java.util.concurrent.FutureTask.run(FutureTask.java:264)
at java.base/java.util.concurrent.ThreadPoolExecutor.runWorker(ThreadPoolExecutor.java:1136)
at java.base/java.util.concurrent.ThreadPoolExecutor$Worker.run(ThreadPoolExecutor.java:635)
at java.base/java.lang.Thread.run(Thread.java:840)
]]>
    </error>
  </testcase> <!-- close -->
  <system-out/>
  <testcase classname="argumentPassing.FaceBookArguments" name="getTitle" time="0.035"/>
  <system-out/>
  <testcase classname="argumentPassing.FaceBookArguments" name="allLinks" time="0.000">
    <skipped/>
  </testcase> <!-- allLinks -->
  <system-out/>
  <testcase classname="argumentPassing.FaceBookArguments" name="launch" time="0.014">
    <error message="Cannot invoke &quot;org.openqa.selenium.WebDriver.manage()&quot; because &quot;this.driver&quot; is null" type="java.lang.NullPointerException">
      <![CDATA[java.lang.NullPointerException: Cannot invoke "org.openqa.selenium.WebDriver.manage()" because "this.driver" is null
at argumentPassing.FaceBookArguments.launch(FaceBookArguments.java:33)
at java.base/jdk.internal.reflect.NativeMethodAccessorImpl.invoke0(Native Method)
at java.base/jdk.internal.reflect.NativeMethodAccessorImpl.invoke(NativeMethodAccessorImpl.java:77)
at java.base/jdk.internal.reflect.DelegatingMethodAccessorImpl.invoke(DelegatingMethodAccessorImpl.java:43)
at java.base/java.lang.reflect.Method.invoke(Method.java:568)
at org.testng.internal.MethodInvocationHelper.invokeMethod(MethodInvocationHelper.java:133)
at org.testng.internal.MethodInvocationHelper.invokeMethodConsideringTimeout(MethodInvocationHelper.java:62)
at org.testng.internal.ConfigInvoker.invokeConfigurationMethod(ConfigInvoker.java:385)
at org.testng.internal.ConfigInvoker.invokeConfigurations(ConfigInvoker.java:321)
at org.testng.internal.TestMethodWorker.invokeBeforeClassMethods(TestMethodWorker.java:176)
at org.testng.internal.TestMethodWorker.run(TestMethodWorker.java:122)
at java.base/java.util.ArrayList.forEach(ArrayList.java:1511)
at org.testng.TestRunner.privateRun(TestRunner.java:794)
at org.testng.TestRunner.run(TestRunner.java:596)
at org.testng.SuiteRunner.runTest(SuiteRunner.java:377)
at org.testng.SuiteRunner.access$000(SuiteRunner.java:28)
at org.testng.SuiteRunner$SuiteWorker.run(SuiteRunner.java:418)
at org.testng.internal.thread.ThreadUtil.lambda$execute$0(ThreadUtil.java:64)
at java.base/java.util.concurrent.FutureTask.run(FutureTask.java:264)
at java.base/java.util.concurrent.ThreadPoolExecutor.runWorker(ThreadPoolExecutor.java:1136)
at java.base/java.util.concurrent.ThreadPoolExecutor$Worker.run(ThreadPoolExecutor.java:635)
at java.base/java.lang.Thread.run(Thread.java:840)
]]>
    </error>
  </testcase> <!-- launch -->
  <system-out/>
  <testcase classname="argumentPassing.FaceBookArguments" name="getTitle" time="0.026"/>
  <system-out/>
  <testcase classname="argumentPassing.FaceBookArguments" name="getTitle" time="0.010"/>
  <system-out/>
  <testcase classname="argumentPassing.FaceBookArguments" name="createNewAccount" time="0.000">
    <skipped/>
  </testcase> <!-- createNewAccount -->
  <system-out/>
  <testcase classname="argumentPassing.FaceBookArguments" name="createNewAccount" time="4.416"/>
  <system-out/>
  <testcase classname="argumentPassing.FaceBookArguments" name="createNewAccount" time="5.784"/>
  <system-out/>
  <testcase classname="argumentPassing.FaceBookArguments" name="createNewAccount" time="1.962"/>
  <system-out/>
  <testcase classname="argumentPassing.FaceBookArguments" name="createNewAccount" time="6.495"/>
  <system-out/>
  <testcase classname="argumentPassing.FaceBookArguments" name="loginModule" time="0.255"/>
  <system-out/>
  <testcase classname="argumentPassing.FaceBookArguments" name="loginModule" time="0.220"/>
  <system-out/>
  <testcase classname="argumentPassing.FaceBookArguments" name="loginModule" time="0.176"/>
  <system-out/>
  <testcase classname="argumentPassing.FaceBookArguments" name="loginModule" time="0.424"/>
  <system-out/>
  <testcase classname="argumentPassing.FaceBookArguments" name="loginModule" time="0.000">
    <skipped/>
  </testcase> <!-- loginModule -->
  <system-out/>
</testsuite> <!-- argumentPassing.FaceBookArguments -->
