<?xml version="1.0" encoding="UTF-8"?>
<!-- Generated by org.testng.reporters.JUnitReportReporter -->
<testsuite hostname="DESKTOP-Q02PP6U" failures="0" tests="4" name="testNGBasics.SampleRediff" time="6.200" errors="0" timestamp="2025-06-17T11:56:04 IST" skipped="0">
  <testcase classname="testNGBasics.SampleRediff" name="getTitle" time="0.009"/>
  <system-out/>
  <testcase classname="testNGBasics.SampleRediff" name="getCurrentURL" time="0.010"/>
  <system-out/>
  <testcase classname="testNGBasics.SampleRediff" name="autoSuggestion" time="4.534"/>
  <system-out/>
  <testcase classname="testNGBasics.SampleRediff" name="dropDownHandling" time="1.647"/>
  <system-out/>
</testsuite> <!-- testNGBasics.SampleRediff -->
