<?xml version="1.0" encoding="UTF-8"?>
<!-- Generated by org.testng.reporters.JUnitReportReporter -->
<testsuite hostname="DESKTOP-Q02PP6U" failures="0" tests="7" name="manyClasses.Instagram" time="0.591" errors="0" timestamp="2025-06-17T11:56:04 IST" skipped="0">
  <testcase classname="manyClasses.Instagram" name="getURL" time="0.008"/>
  <system-out/>
  <testcase classname="manyClasses.Instagram" name="getURL" time="0.025"/>
  <system-out/>
  <testcase classname="manyClasses.Instagram" name="getURL" time="0.129"/>
  <system-out/>
  <testcase classname="manyClasses.Instagram" name="getURL" time="0.023"/>
  <system-out/>
  <testcase classname="manyClasses.Instagram" name="getURL" time="0.012"/>
  <system-out/>
  <testcase classname="manyClasses.Instagram" name="allLinks" time="0.388"/>
  <system-out/>
  <testcase classname="manyClasses.Instagram" name="getTitle" time="0.006"/>
  <system-out/>
</testsuite> <!-- manyClasses.Instagram -->
