<?xml version="1.0" encoding="UTF-8"?>
<!-- Generated by org.testng.reporters.JUnitReportReporter -->
<testsuite hostname="DESKTOP-Q02PP6U" failures="0" tests="17" name="exceldataProvider.FaceBookLoginModule" time="45.224" errors="0" timestamp="2026-02-05T11:16:23 IST" skipped="0">
  <testcase classname="exceldataProvider.FaceBookLoginModule" name="verifyUrl" time="0.014"/>
  <testcase classname="exceldataProvider.FaceBookLoginModule" name="allLinks" time="0.023"/>
  <testcase classname="exceldataProvider.FaceBookLoginModule" name="verifyTitle" time="0.010"/>
  <testcase classname="exceldataProvider.FaceBookLoginModule" name="login" time="3.194"/>
  <testcase classname="exceldataProvider.FaceBookLoginModule" name="login" time="3.194"/>
  <testcase classname="exceldataProvider.FaceBookLoginModule" name="login" time="3.229"/>
  <testcase classname="exceldataProvider.FaceBookLoginModule" name="login" time="3.240"/>
  <testcase classname="exceldataProvider.FaceBookLoginModule" name="login" time="3.253"/>
  <testcase classname="exceldataProvider.FaceBookLoginModule" name="login" time="3.247"/>
  <testcase classname="exceldataProvider.FaceBookLoginModule" name="login" time="3.292"/>
  <testcase classname="exceldataProvider.FaceBookLoginModule" name="login" time="3.222"/>
  <testcase classname="exceldataProvider.FaceBookLoginModule" name="login" time="3.207"/>
  <testcase classname="exceldataProvider.FaceBookLoginModule" name="login" time="3.212"/>
  <testcase classname="exceldataProvider.FaceBookLoginModule" name="login" time="3.223"/>
  <testcase classname="exceldataProvider.FaceBookLoginModule" name="login" time="3.245"/>
  <testcase classname="exceldataProvider.FaceBookLoginModule" name="login" time="3.218"/>
  <testcase classname="exceldataProvider.FaceBookLoginModule" name="login" time="3.201"/>
</testsuite> <!-- exceldataProvider.FaceBookLoginModule -->
